app/build/intermediates/manifest_merge_blame_file/debug/manifest-merger-blame-debug-report.txt
1<?xml version="1.0" encoding="utf-8"?>
2<manifest xmlns:android="http://schemas.android.com/apk/res/android"
3    package="com.csipsimple"
4    android:installLocation="auto"
5    android:versionCode="2459"
6    android:versionName="1.02.03" >
7
8    <uses-sdk
8-->src/main/AndroidManifest.xml:15:5-17:41
9        android:minSdkVersion="4"
9-->src/main/AndroidManifest.xml:16:9-35
10        android:targetSdkVersion="16" />
10-->src/main/AndroidManifest.xml:17:9-38
11
12    <supports-screens
12-->src/main/AndroidManifest.xml:8:5-13:40
13        android:anyDensity="true"
13-->src/main/AndroidManifest.xml:9:9-34
14        android:largeScreens="true"
14-->src/main/AndroidManifest.xml:10:9-36
15        android:normalScreens="true"
15-->src/main/AndroidManifest.xml:11:9-37
16        android:smallScreens="true"
16-->src/main/AndroidManifest.xml:12:9-36
17        android:xlargeScreens="true" />
17-->src/main/AndroidManifest.xml:13:9-37
18
19    <uses-permission android:name="android.permission.INTERNET" />
19-->src/main/AndroidManifest.xml:19:5-67
19-->src/main/AndroidManifest.xml:19:22-64
20    <uses-permission android:name="android.permission.RECORD_AUDIO" />
20-->src/main/AndroidManifest.xml:20:5-71
20-->src/main/AndroidManifest.xml:20:22-68
21    <uses-permission android:name="android.permission.MODIFY_AUDIO_SETTINGS" />
21-->src/main/AndroidManifest.xml:21:5-80
21-->src/main/AndroidManifest.xml:21:22-77
22    <uses-permission android:name="android.permission.PROCESS_OUTGOING_CALLS" />
22-->src/main/AndroidManifest.xml:22:5-81
22-->src/main/AndroidManifest.xml:22:22-78
23    <uses-permission android:name="android.permission.WRITE_SETTINGS" />
23-->src/main/AndroidManifest.xml:23:5-73
23-->src/main/AndroidManifest.xml:23:22-70
24    <uses-permission android:name="android.permission.READ_PHONE_STATE" />
24-->src/main/AndroidManifest.xml:24:5-75
24-->src/main/AndroidManifest.xml:24:22-72
25    <uses-permission android:name="android.permission.ACCESS_WIFI_STATE" />
25-->src/main/AndroidManifest.xml:25:5-76
25-->src/main/AndroidManifest.xml:25:22-73
26    <uses-permission android:name="android.permission.ACCESS_NETWORK_STATE" />
26-->src/main/AndroidManifest.xml:26:5-79
26-->src/main/AndroidManifest.xml:26:22-76
27    <uses-permission android:name="android.permission.RECEIVE_BOOT_COMPLETED" />
27-->src/main/AndroidManifest.xml:27:5-81
27-->src/main/AndroidManifest.xml:27:22-78
28    <uses-permission android:name="android.permission.READ_CONTACTS" />
28-->src/main/AndroidManifest.xml:28:5-72
28-->src/main/AndroidManifest.xml:28:22-69
29    <uses-permission android:name="android.permission.WRITE_CONTACTS" />
29-->src/main/AndroidManifest.xml:29:5-73
29-->src/main/AndroidManifest.xml:29:22-70
30    <uses-permission android:name="android.permission.CALL_PHONE" />
30-->src/main/AndroidManifest.xml:30:5-69
30-->src/main/AndroidManifest.xml:30:22-66
31    <!--
32    <uses-permission android:name="android.permission.CALL_PRIVILEGED" /> 
33    was useless anyway as only granted to system app and
34    we don't have core integration anymore with these plugins
35    -->
36    <uses-permission android:name="android.permission.WAKE_LOCK" />
36-->src/main/AndroidManifest.xml:36:5-68
36-->src/main/AndroidManifest.xml:36:22-65
37    <uses-permission android:name="android.permission.DISABLE_KEYGUARD" />
37-->src/main/AndroidManifest.xml:37:5-75
37-->src/main/AndroidManifest.xml:37:22-72
38    <uses-permission android:name="android.permission.VIBRATE" />
38-->src/main/AndroidManifest.xml:38:5-66
38-->src/main/AndroidManifest.xml:38:22-63
39    <uses-permission android:name="android.permission.BLUETOOTH" />
39-->src/main/AndroidManifest.xml:39:5-68
39-->src/main/AndroidManifest.xml:39:22-65
40    <uses-permission android:name="android.permission.READ_LOGS" />
40-->src/main/AndroidManifest.xml:40:5-68
40-->src/main/AndroidManifest.xml:40:22-65
41    <uses-permission android:name="android.permission.WRITE_CALL_LOG" />
41-->src/main/AndroidManifest.xml:41:5-73
41-->src/main/AndroidManifest.xml:41:22-70
42    <uses-permission android:name="android.permission.USE_SIP" />
42-->src/main/AndroidManifest.xml:42:5-66
42-->src/main/AndroidManifest.xml:42:22-63
43    <uses-permission android:name="android.permission.CONFIGURE_SIP" />
43-->src/main/AndroidManifest.xml:43:5-72
43-->src/main/AndroidManifest.xml:43:22-69
44    <uses-permission android:name="android.permission.WRITE_EXTERNAL_STORAGE" />
44-->src/main/AndroidManifest.xml:44:5-81
44-->src/main/AndroidManifest.xml:44:22-78
45    <uses-permission android:name="android.permission.CAMERA" />
45-->src/main/AndroidManifest.xml:45:5-65
45-->src/main/AndroidManifest.xml:45:22-62
46    <uses-permission android:name="android.permission.BROADCAST_STICKY" />
46-->src/main/AndroidManifest.xml:46:5-75
46-->src/main/AndroidManifest.xml:46:22-72
47    <uses-permission android:name="android.permission.READ_PROFILE" />
47-->src/main/AndroidManifest.xml:47:5-71
47-->src/main/AndroidManifest.xml:47:22-68
48    <!--
49    Not taken into account?
50    Regarding Diane's comment this was never implemented 
51    and was dropped in most recent android versions 
52    <uses-permission android:name="android.permission.RAISED_THREAD_PRIORITY" />
53    -->
54
55
56    <!-- COMMENT THIS if you plan to use in library mode -->
57    <permission
57-->src/main/AndroidManifest.xml:57:5-62:47
58        android:name="android.permission.USE_SIP"
58-->src/main/AndroidManifest.xml:58:9-50
59        android:description="@string/permdesc_useSip"
59-->src/main/AndroidManifest.xml:59:9-54
60        android:label="@string/permlab_useSip"
60-->src/main/AndroidManifest.xml:60:9-47
61        android:permissionGroup="android.permission-group.COST_MONEY"
61-->src/main/AndroidManifest.xml:61:9-70
62        android:protectionLevel="dangerous" />
62-->src/main/AndroidManifest.xml:62:9-44
63    <permission
63-->src/main/AndroidManifest.xml:63:5-68:47
64        android:name="android.permission.CONFIGURE_SIP"
64-->src/main/AndroidManifest.xml:64:9-56
65        android:description="@string/permdesc_configureSip"
65-->src/main/AndroidManifest.xml:65:9-60
66        android:label="@string/permlab_configureSip"
66-->src/main/AndroidManifest.xml:66:9-53
67        android:permissionGroup="android.permission-group.COST_MONEY"
67-->src/main/AndroidManifest.xml:67:9-70
68        android:protectionLevel="dangerous" />
68-->src/main/AndroidManifest.xml:68:9-44
69
70    <!-- END OF COMMENT THIS -->
71
72    <uses-feature
72-->src/main/AndroidManifest.xml:72:5-74:36
73        android:name="android.hardware.wifi"
73-->src/main/AndroidManifest.xml:73:9-45
74        android:required="false" />
74-->src/main/AndroidManifest.xml:74:9-33
75    <uses-feature
75-->src/main/AndroidManifest.xml:75:5-77:36
76        android:name="android.hardware.telephony"
76-->src/main/AndroidManifest.xml:76:9-50
77        android:required="false" />
77-->src/main/AndroidManifest.xml:77:9-33
78    <uses-feature
78-->src/main/AndroidManifest.xml:78:5-80:35
79        android:name="android.hardware.microphone"
79-->src/main/AndroidManifest.xml:79:9-51
80        android:required="true" />
80-->src/main/AndroidManifest.xml:80:9-32
81    <uses-feature
81-->src/main/AndroidManifest.xml:81:5-83:36
82        android:name="android.hardware.touchscreen"
82-->src/main/AndroidManifest.xml:82:9-52
83        android:required="false" />
83-->src/main/AndroidManifest.xml:83:9-33
84    <uses-feature
84-->src/main/AndroidManifest.xml:84:5-86:36
85        android:name="android.hardware.bluetooth"
85-->src/main/AndroidManifest.xml:85:9-50
86        android:required="false" />
86-->src/main/AndroidManifest.xml:86:9-33
87    <uses-feature
87-->src/main/AndroidManifest.xml:87:5-89:36
88        android:name="android.hardware.screen.portrait"
88-->src/main/AndroidManifest.xml:88:9-56
89        android:required="false" />
89-->src/main/AndroidManifest.xml:89:9-33
90    <uses-feature
90-->src/main/AndroidManifest.xml:90:5-92:36
91        android:name="android.hardware.camera"
91-->src/main/AndroidManifest.xml:91:9-47
92        android:required="false" />
92-->src/main/AndroidManifest.xml:92:9-33
93    <uses-feature
93-->src/main/AndroidManifest.xml:93:5-95:36
94        android:name="android.hardware.camera.autofocus"
94-->src/main/AndroidManifest.xml:94:9-57
95        android:required="false" />
95-->src/main/AndroidManifest.xml:95:9-33
96    <uses-feature
96-->src/main/AndroidManifest.xml:96:5-98:36
97        android:name="android.hardware.camera.flash"
97-->src/main/AndroidManifest.xml:97:9-53
98        android:required="false" />
98-->src/main/AndroidManifest.xml:98:9-33
99    <uses-feature
99-->src/main/AndroidManifest.xml:99:5-101:36
100        android:name="android.hardware.camera.front"
100-->src/main/AndroidManifest.xml:100:9-53
101        android:required="false" />
101-->src/main/AndroidManifest.xml:101:9-33
102
103    <application
103-->src/main/AndroidManifest.xml:103:5-569:19
104        android:allowBackup="true"
104-->src/main/AndroidManifest.xml:104:9-35
105        android:backupAgent="com.csipsimple.backup.SipBackupAgent"
105-->src/main/AndroidManifest.xml:105:9-67
106        android:debuggable="true"
107        android:hardwareAccelerated="true"
107-->src/main/AndroidManifest.xml:106:9-43
108        android:icon="@drawable/ic_launcher_nightly"
108-->src/main/AndroidManifest.xml:107:9-53
109        android:label="@string/app_name" >
109-->src/main/AndroidManifest.xml:108:9-41
110        <meta-data
110-->src/main/AndroidManifest.xml:109:9-111:39
111            android:name="app_type"
111-->src/main/AndroidManifest.xml:110:13-36
112            android:value="nightly" />
112-->src/main/AndroidManifest.xml:111:13-36
113        <meta-data
113-->src/main/AndroidManifest.xml:112:9-114:37
114            android:name="app_channel"
114-->src/main/AndroidManifest.xml:113:13-39
115            android:value="trunk" />
115-->src/main/AndroidManifest.xml:114:13-34
116        <meta-data
116-->src/main/AndroidManifest.xml:115:9-117:82
117            android:name="com.google.android.backup.api_key"
117-->src/main/AndroidManifest.xml:116:13-61
118            android:value="AEdPqrEAAAAIL5x8Klvg-Y8nV4j4PNSy2JH6yQZ49yKbrqKJAw" />
118-->src/main/AndroidManifest.xml:117:13-79
119
120        <!--
121        Samsung multiview support
122        <uses-library
123            android:name="com.sec.android.app.multiwindow"
124            android:required="false" />
125        -->
126        <meta-data
126-->src/main/AndroidManifest.xml:125:9-127:36
127            android:name="com.sec.android.support.multiwindow"
127-->src/main/AndroidManifest.xml:126:13-63
128            android:value="true" />
128-->src/main/AndroidManifest.xml:127:13-33
129
130        <activity
130-->src/main/AndroidManifest.xml:129:9-169:20
131            android:name="com.csipsimple.ui.SipHome"
131-->src/main/AndroidManifest.xml:130:13-53
132            android:label="@string/app_name"
132-->src/main/AndroidManifest.xml:131:13-45
133            android:launchMode="singleTask"
133-->src/main/AndroidManifest.xml:132:13-44
134            android:theme="@style/DarkTheme"
134-->src/main/AndroidManifest.xml:133:13-45
135            android:uiOptions="splitActionBarWhenNarrow" >
135-->src/main/AndroidManifest.xml:134:13-57
136            <intent-filter>
136-->src/main/AndroidManifest.xml:135:13-140:29
137                <action android:name="android.intent.action.MAIN" />
137-->src/main/AndroidManifest.xml:136:17-69
137-->src/main/AndroidManifest.xml:136:25-66
138
139                <category android:name="android.intent.category.LAUNCHER" />
139-->src/main/AndroidManifest.xml:138:17-77
139-->src/main/AndroidManifest.xml:138:27-74
140                <category android:name="android.intent.category.MULTIWINDOW_LAUNCHER" />
140-->src/main/AndroidManifest.xml:139:17-89
140-->src/main/AndroidManifest.xml:139:27-86
141            </intent-filter>
142            <intent-filter android:priority="10" >
142-->src/main/AndroidManifest.xml:141:13-145:29
142-->src/main/AndroidManifest.xml:141:28-49
143                <action android:name="com.csipsimple.phone.action.DIALER" />
143-->src/main/AndroidManifest.xml:142:17-77
143-->src/main/AndroidManifest.xml:142:25-74
144
145                <category android:name="android.intent.category.DEFAULT" />
145-->src/main/AndroidManifest.xml:144:17-76
145-->src/main/AndroidManifest.xml:144:27-73
146            </intent-filter>
147            <intent-filter android:priority="10" >
147-->src/main/AndroidManifest.xml:146:13-153:29
147-->src/main/AndroidManifest.xml:146:28-49
148                <action android:name="android.intent.action.DIAL" />
148-->src/main/AndroidManifest.xml:147:17-69
148-->src/main/AndroidManifest.xml:147:25-66
149
150                <category android:name="android.intent.category.DEFAULT" />
150-->src/main/AndroidManifest.xml:144:17-76
150-->src/main/AndroidManifest.xml:144:27-73
151
152                <data android:scheme="sip" />
152-->src/main/AndroidManifest.xml:151:17-46
152-->src/main/AndroidManifest.xml:151:23-43
153                <data android:scheme="csip" />
153-->src/main/AndroidManifest.xml:151:17-46
153-->src/main/AndroidManifest.xml:151:23-43
154            </intent-filter>
155            <intent-filter android:priority="10" >
155-->src/main/AndroidManifest.xml:154:13-158:29
155-->src/main/AndroidManifest.xml:154:28-49
156                <action android:name="com.csipsimple.phone.action.CALLLOG" />
156-->src/main/AndroidManifest.xml:155:17-78
156-->src/main/AndroidManifest.xml:155:25-75
157
158                <category android:name="android.intent.category.DEFAULT" />
158-->src/main/AndroidManifest.xml:144:17-76
158-->src/main/AndroidManifest.xml:144:27-73
159            </intent-filter>
160            <intent-filter android:priority="10" >
160-->src/main/AndroidManifest.xml:159:13-163:29
160-->src/main/AndroidManifest.xml:159:28-49
161                <action android:name="com.csipsimple.phone.action.FAVORITES" />
161-->src/main/AndroidManifest.xml:160:17-80
161-->src/main/AndroidManifest.xml:160:25-77
162
163                <category android:name="android.intent.category.DEFAULT" />
163-->src/main/AndroidManifest.xml:144:17-76
163-->src/main/AndroidManifest.xml:144:27-73
164            </intent-filter>
165            <intent-filter android:priority="10" >
165-->src/main/AndroidManifest.xml:164:13-168:29
165-->src/main/AndroidManifest.xml:164:28-49
166                <action android:name="com.csipsimple.phone.action.MESSAGES" />
166-->src/main/AndroidManifest.xml:165:17-79
166-->src/main/AndroidManifest.xml:165:25-76
167
168                <category android:name="android.intent.category.DEFAULT" />
168-->src/main/AndroidManifest.xml:144:17-76
168-->src/main/AndroidManifest.xml:144:27-73
169            </intent-filter>
170        </activity>
171
172        <activity-alias
172-->src/main/AndroidManifest.xml:171:9-208:26
173            android:name="com.csipsimple.ui.SipDialer"
173-->src/main/AndroidManifest.xml:172:13-55
174            android:label="@string/app_name"
174-->src/main/AndroidManifest.xml:173:13-45
175            android:launchMode="singleTask"
175-->src/main/AndroidManifest.xml:174:13-44
176            android:targetActivity="com.csipsimple.ui.SipHome"
176-->src/main/AndroidManifest.xml:175:13-63
177            android:theme="@style/DarkTheme"
177-->src/main/AndroidManifest.xml:176:13-45
178            android:uiOptions="splitActionBarWhenNarrow" >
178-->src/main/AndroidManifest.xml:177:13-57
179            <intent-filter>
179-->src/main/AndroidManifest.xml:178:13-190:29
180                <action android:name="android.intent.action.VIEW" />
180-->src/main/AndroidManifest.xml:179:17-69
180-->src/main/AndroidManifest.xml:179:25-66
181                <action android:name="android.intent.action.SENDTO" />
181-->src/main/AndroidManifest.xml:180:17-71
181-->src/main/AndroidManifest.xml:180:25-68
182
183                <category android:name="android.intent.category.DEFAULT" />
183-->src/main/AndroidManifest.xml:144:17-76
183-->src/main/AndroidManifest.xml:144:27-73
184                <category android:name="android.intent.category.BROWSABLE" />
184-->src/main/AndroidManifest.xml:183:17-78
184-->src/main/AndroidManifest.xml:183:27-75
185
186                <data android:scheme="csip" />
186-->src/main/AndroidManifest.xml:151:17-46
186-->src/main/AndroidManifest.xml:151:23-43
187                <data android:scheme="sip" />
187-->src/main/AndroidManifest.xml:151:17-46
187-->src/main/AndroidManifest.xml:151:23-43
188                <data android:scheme="sips" />
188-->src/main/AndroidManifest.xml:151:17-46
188-->src/main/AndroidManifest.xml:151:23-43
189                <data android:scheme="sms" />
189-->src/main/AndroidManifest.xml:151:17-46
189-->src/main/AndroidManifest.xml:151:23-43
190                <data android:scheme="smsto" />
190-->src/main/AndroidManifest.xml:151:17-46
190-->src/main/AndroidManifest.xml:151:23-43
191            </intent-filter>
192            <intent-filter>
192-->src/main/AndroidManifest.xml:191:13-207:29
193                <action android:name="android.intent.action.VIEW" />
193-->src/main/AndroidManifest.xml:179:17-69
193-->src/main/AndroidManifest.xml:179:25-66
194                <action android:name="android.intent.action.SENDTO" />
194-->src/main/AndroidManifest.xml:180:17-71
194-->src/main/AndroidManifest.xml:180:25-68
195
196                <category android:name="android.intent.category.DEFAULT" />
196-->src/main/AndroidManifest.xml:144:17-76
196-->src/main/AndroidManifest.xml:144:27-73
197                <category android:name="android.intent.category.BROWSABLE" />
197-->src/main/AndroidManifest.xml:183:17-78
197-->src/main/AndroidManifest.xml:183:27-75
198
199                <data
199-->src/main/AndroidManifest.xml:151:17-46
200                    android:host="csip"
200-->src/main/AndroidManifest.xml:199:21-40
201                    android:scheme="imto" />
201-->src/main/AndroidManifest.xml:151:23-43
202                <data
202-->src/main/AndroidManifest.xml:151:17-46
203                    android:host="sip"
203-->src/main/AndroidManifest.xml:199:21-40
204                    android:scheme="imto" />
204-->src/main/AndroidManifest.xml:151:23-43
205                <data
205-->src/main/AndroidManifest.xml:151:17-46
206                    android:host="skype"
206-->src/main/AndroidManifest.xml:199:21-40
207                    android:scheme="imto" />
207-->src/main/AndroidManifest.xml:151:23-43
208            </intent-filter>
209        </activity-alias>
210
211        <!-- Main service -->
212        <!-- Require at least the configure permission to use -->
213        <service
213-->src/main/AndroidManifest.xml:212:9-221:19
214            android:name="com.csipsimple.service.SipService"
214-->src/main/AndroidManifest.xml:213:13-61
215            android:exported="true"
215-->src/main/AndroidManifest.xml:214:13-36
216            android:permission="android.permission.CONFIGURE_SIP"
216-->src/main/AndroidManifest.xml:215:13-66
217            android:process=":sipStack" >
217-->src/main/AndroidManifest.xml:216:13-40
218            <intent-filter>
218-->src/main/AndroidManifest.xml:217:13-220:29
219                <action android:name="com.csipsimple.service.SipService" />
219-->src/main/AndroidManifest.xml:218:17-76
219-->src/main/AndroidManifest.xml:218:25-73
220                <action android:name="com.csipsimple.service.SipConfiguration" />
220-->src/main/AndroidManifest.xml:219:17-82
220-->src/main/AndroidManifest.xml:219:25-79
221            </intent-filter>
222        </service>
223        <service android:name="com.csipsimple.service.Downloader" />
223-->src/main/AndroidManifest.xml:222:9-69
223-->src/main/AndroidManifest.xml:222:18-66
224
225        <receiver
225-->src/main/AndroidManifest.xml:224:9-243:20
226            android:name="com.csipsimple.service.DeviceStateReceiver"
226-->src/main/AndroidManifest.xml:225:13-70
227            android:permission="android.permission.CONFIGURE_SIP"
227-->src/main/AndroidManifest.xml:226:13-66
228            android:process=":sipStack" >
228-->src/main/AndroidManifest.xml:227:13-40
229
230            <!-- Here filter for protected-broadcasts -->
231            <intent-filter>
231-->src/main/AndroidManifest.xml:230:13-232:29
232                <action android:name="com.csipsimple.accounts.activate" />
232-->src/main/AndroidManifest.xml:231:17-75
232-->src/main/AndroidManifest.xml:231:25-72
233            </intent-filter>
234            <intent-filter>
234-->src/main/AndroidManifest.xml:233:13-236:29
235                <action android:name="android.net.conn.CONNECTIVITY_CHANGE" />
235-->src/main/AndroidManifest.xml:234:17-79
235-->src/main/AndroidManifest.xml:234:25-76
236                <action android:name="android.intent.action.BOOT_COMPLETED" />
236-->src/main/AndroidManifest.xml:235:17-79
236-->src/main/AndroidManifest.xml:235:25-76
237            </intent-filter>
238            <intent-filter>
238-->src/main/AndroidManifest.xml:237:13-242:29
239                <action android:name="android.intent.action.PACKAGE_ADDED" />
239-->src/main/AndroidManifest.xml:238:17-78
239-->src/main/AndroidManifest.xml:238:25-75
240                <action android:name="android.intent.action.PACKAGE_REMOVED" />
240-->src/main/AndroidManifest.xml:239:17-80
240-->src/main/AndroidManifest.xml:239:25-77
241
242                <data android:scheme="package" />
242-->src/main/AndroidManifest.xml:151:17-46
242-->src/main/AndroidManifest.xml:151:23-43
243            </intent-filter>
244        </receiver>
245
246        <!-- Main ui -->
247        <activity
247-->src/main/AndroidManifest.xml:246:9-248:48
248            android:name="com.csipsimple.ui.calllog.CallLogDetailsActivity"
248-->src/main/AndroidManifest.xml:247:13-76
249            android:theme="@style/DarkTheme" />
249-->src/main/AndroidManifest.xml:248:13-45
250
251        <!-- Accounts -->
252        <activity
252-->src/main/AndroidManifest.xml:251:9-255:48
253            android:name="com.csipsimple.ui.filters.AccountFilters"
253-->src/main/AndroidManifest.xml:252:13-68
254            android:configChanges="orientation"
254-->src/main/AndroidManifest.xml:253:13-48
255            android:label="@string/filters"
255-->src/main/AndroidManifest.xml:254:13-44
256            android:theme="@style/DarkTheme" />
256-->src/main/AndroidManifest.xml:255:13-45
257        <activity
257-->src/main/AndroidManifest.xml:256:9-260:48
258            android:name="com.csipsimple.ui.filters.EditFilter"
258-->src/main/AndroidManifest.xml:257:13-64
259            android:configChanges="orientation"
259-->src/main/AndroidManifest.xml:258:13-48
260            android:label="@string/filters"
260-->src/main/AndroidManifest.xml:259:13-44
261            android:theme="@style/DarkTheme" />
261-->src/main/AndroidManifest.xml:260:13-45
262        <activity
262-->src/main/AndroidManifest.xml:261:9-265:55
263            android:name="com.csipsimple.wizards.WizardChooser"
263-->src/main/AndroidManifest.xml:262:13-64
264            android:configChanges="orientation"
264-->src/main/AndroidManifest.xml:263:13-48
265            android:label="@string/choose_wizard"
265-->src/main/AndroidManifest.xml:264:13-50
266            android:theme="@style/DarkTheme.Dialog" />
266-->src/main/AndroidManifest.xml:265:13-52
267
268        <!-- Preferences -->
269        <activity
269-->src/main/AndroidManifest.xml:268:9-280:20
270            android:name="com.csipsimple.ui.prefs.hc.MainPrefs"
270-->src/main/AndroidManifest.xml:269:13-64
271            android:configChanges="orientation"
271-->src/main/AndroidManifest.xml:270:13-48
272            android:enabled="@bool/use_hc_prefs"
272-->src/main/AndroidManifest.xml:271:13-49
273            android:label="@string/prefs"
273-->src/main/AndroidManifest.xml:272:13-42
274            android:permission="android.permission.CONFIGURE_SIP"
274-->src/main/AndroidManifest.xml:273:13-66
275            android:theme="@style/DarkTheme" >
275-->src/main/AndroidManifest.xml:274:13-45
276            <intent-filter>
276-->src/main/AndroidManifest.xml:275:13-279:29
277                <action android:name="com.csipsimple.ui.action.PREFS_GLOBAL" />
277-->src/main/AndroidManifest.xml:276:17-80
277-->src/main/AndroidManifest.xml:276:25-77
278
279                <category android:name="android.intent.category.DEFAULT" />
279-->src/main/AndroidManifest.xml:144:17-76
279-->src/main/AndroidManifest.xml:144:27-73
280            </intent-filter>
281        </activity>
282        <activity
282-->src/main/AndroidManifest.xml:281:9-293:20
283            android:name="com.csipsimple.ui.prefs.cupcake.MainPrefs"
283-->src/main/AndroidManifest.xml:282:13-69
284            android:configChanges="orientation"
284-->src/main/AndroidManifest.xml:283:13-48
285            android:enabled="@bool/use_cupcake_prefs"
285-->src/main/AndroidManifest.xml:284:13-54
286            android:label="@string/prefs"
286-->src/main/AndroidManifest.xml:285:13-42
287            android:permission="android.permission.CONFIGURE_SIP"
287-->src/main/AndroidManifest.xml:286:13-66
288            android:theme="@style/DarkTheme" >
288-->src/main/AndroidManifest.xml:287:13-45
289            <intent-filter>
289-->src/main/AndroidManifest.xml:275:13-279:29
290                <action android:name="com.csipsimple.ui.action.PREFS_GLOBAL" />
290-->src/main/AndroidManifest.xml:276:17-80
290-->src/main/AndroidManifest.xml:276:25-77
291
292                <category android:name="android.intent.category.DEFAULT" />
292-->src/main/AndroidManifest.xml:144:17-76
292-->src/main/AndroidManifest.xml:144:27-73
293            </intent-filter>
294        </activity>
295        <activity
295-->src/main/AndroidManifest.xml:294:9-297:48
296            android:name="com.csipsimple.ui.prefs.cupcake.PrefsLoaderActivity"
296-->src/main/AndroidManifest.xml:295:13-79
297            android:label=""
297-->src/main/AndroidManifest.xml:296:13-29
298            android:theme="@style/DarkTheme" />
298-->src/main/AndroidManifest.xml:297:13-45
299        <activity
299-->src/main/AndroidManifest.xml:298:9-302:48
300            android:name="com.csipsimple.ui.prefs.PrefsFilters"
300-->src/main/AndroidManifest.xml:299:13-64
301            android:configChanges="orientation"
301-->src/main/AndroidManifest.xml:300:13-48
302            android:label="@string/filters"
302-->src/main/AndroidManifest.xml:301:13-44
303            android:theme="@style/DarkTheme" />
303-->src/main/AndroidManifest.xml:302:13-45
304        <activity
304-->src/main/AndroidManifest.xml:303:9-314:20
305            android:name="com.csipsimple.ui.prefs.PrefsFast"
305-->src/main/AndroidManifest.xml:304:13-61
306            android:configChanges="orientation"
306-->src/main/AndroidManifest.xml:305:13-48
307            android:label="@string/prefs_fast"
307-->src/main/AndroidManifest.xml:306:13-47
308            android:permission="android.permission.CONFIGURE_SIP"
308-->src/main/AndroidManifest.xml:307:13-66
309            android:theme="@style/DarkTheme.Dialog" >
309-->src/main/AndroidManifest.xml:308:13-52
310            <intent-filter>
310-->src/main/AndroidManifest.xml:309:13-313:29
311                <action android:name="com.csipsimple.ui.action.PREFS_FAST" />
311-->src/main/AndroidManifest.xml:310:17-78
311-->src/main/AndroidManifest.xml:310:25-75
312
313                <category android:name="android.intent.category.DEFAULT" />
313-->src/main/AndroidManifest.xml:144:17-76
313-->src/main/AndroidManifest.xml:144:27-73
314            </intent-filter>
315        </activity>
316        <activity
316-->src/main/AndroidManifest.xml:315:9-319:48
317            android:name="com.csipsimple.ui.prefs.Codecs"
317-->src/main/AndroidManifest.xml:316:13-58
318            android:configChanges="orientation"
318-->src/main/AndroidManifest.xml:317:13-48
319            android:label="@string/codecs"
319-->src/main/AndroidManifest.xml:318:13-43
320            android:theme="@style/DarkTheme" />
320-->src/main/AndroidManifest.xml:319:13-45
321        <activity
321-->src/main/AndroidManifest.xml:320:9-324:55
322            android:name="com.csipsimple.ui.prefs.AudioTester"
322-->src/main/AndroidManifest.xml:321:13-63
323            android:label="@string/test_audio"
323-->src/main/AndroidManifest.xml:322:13-47
324            android:screenOrientation="portrait"
324-->src/main/AndroidManifest.xml:323:13-49
325            android:theme="@style/DarkTheme.Dialog" />
325-->src/main/AndroidManifest.xml:324:13-52
326
327        <!-- Wizards -->
328        <activity
328-->src/main/AndroidManifest.xml:327:9-331:48
329            android:name="com.csipsimple.wizards.BasePrefsWizard"
329-->src/main/AndroidManifest.xml:328:13-66
330            android:configChanges="orientation"
330-->src/main/AndroidManifest.xml:329:13-48
331            android:label="@string/edit"
331-->src/main/AndroidManifest.xml:330:13-41
332            android:theme="@style/DarkTheme" />
332-->src/main/AndroidManifest.xml:331:13-45
333
334        <!-- Call management -->
335        <receiver
335-->src/main/AndroidManifest.xml:334:9-343:20
336            android:name="com.csipsimple.service.OutgoingCall"
336-->src/main/AndroidManifest.xml:335:13-63
337            android:permission="android.permission.CALL_PHONE"
337-->src/main/AndroidManifest.xml:336:13-63
338            android:process=":sipStack" >
338-->src/main/AndroidManifest.xml:337:13-40
339
340            <!-- Here filter for protected-broadcasts -->
341            <intent-filter android:priority="0" >
341-->src/main/AndroidManifest.xml:340:13-342:29
341-->src/main/AndroidManifest.xml:340:28-48
342                <action android:name="android.intent.action.NEW_OUTGOING_CALL" />
342-->src/main/AndroidManifest.xml:341:17-82
342-->src/main/AndroidManifest.xml:341:25-79
343            </intent-filter>
344        </receiver>
345
346        <activity
346-->src/main/AndroidManifest.xml:345:9-374:20